<?xml version="1.0" encoding="UTF-8"?>
<testsuite xmlns:xsi="http://www.w3.org/2001/XMLSchema-instance" xsi:noNamespaceSchemaLocation="https://maven.apache.org/surefire/maven-surefire-plugin/xsd/surefire-test-report-3.0.xsd" version="3.0" name="com.nivieus.test_apis.TestApisApplicationTests" time="5.782" tests="1" errors="0" skipped="0" failures="0">
  <properties>
    <property name="java.specification.version" value="17"/>
    <property name="sun.jnu.encoding" value="UTF-8"/>
    <property name="java.class.path" value="/home/varun/workspace/test-apis/target/test-classes:/home/varun/workspace/test-apis/target/classes:/home/varun/.m2/repository/org/springframework/boot/spring-boot-starter-actuator/3.3.5/spring-boot-starter-actuator-3.3.5.jar:/home/varun/.m2/repository/org/springframework/boot/spring-boot-starter/3.3.5/spring-boot-starter-3.3.5.jar:/home/varun/.m2/repository/org/springframework/boot/spring-boot/3.3.5/spring-boot-3.3.5.jar:/home/varun/.m2/repository/org/springframework/boot/spring-boot-autoconfigure/3.3.5/spring-boot-autoconfigure-3.3.5.jar:/home/varun/.m2/repository/org/springframework/boot/spring-boot-starter-logging/3.3.5/spring-boot-starter-logging-3.3.5.jar:/home/varun/.m2/repository/ch/qos/logback/logback-classic/1.5.11/logback-classic-1.5.11.jar:/home/varun/.m2/repository/ch/qos/logback/logback-core/1.5.11/logback-core-1.5.11.jar:/home/varun/.m2/repository/org/apache/logging/log4j/log4j-to-slf4j/2.23.1/log4j-to-slf4j-2.23.1.jar:/home/varun/.m2/repository/org/apache/logging/log4j/log4j-api/2.23.1/log4j-api-2.23.1.jar:/home/varun/.m2/repository/org/slf4j/jul-to-slf4j/2.0.16/jul-to-slf4j-2.0.16.jar:/home/varun/.m2/repository/jakarta/annotation/jakarta.annotation-api/2.1.1/jakarta.annotation-api-2.1.1.jar:/home/varun/.m2/repository/org/yaml/snakeyaml/2.2/snakeyaml-2.2.jar:/home/varun/.m2/repository/org/springframework/boot/spring-boot-actuator-autoconfigure/3.3.5/spring-boot-actuator-autoconfigure-3.3.5.jar:/home/varun/.m2/repository/org/springframework/boot/spring-boot-actuator/3.3.5/spring-boot-actuator-3.3.5.jar:/home/varun/.m2/repository/com/fasterxml/jackson/core/jackson-databind/2.17.2/jackson-databind-2.17.2.jar:/home/varun/.m2/repository/com/fasterxml/jackson/core/jackson-annotations/2.17.2/jackson-annotations-2.17.2.jar:/home/varun/.m2/repository/com/fasterxml/jackson/core/jackson-core/2.17.2/jackson-core-2.17.2.jar:/home/varun/.m2/repository/com/fasterxml/jackson/datatype/jackson-datatype-jsr310/2.17.2/jackson-datatype-jsr310-2.17.2.jar:/home/varun/.m2/repository/io/micrometer/micrometer-observation/1.13.6/micrometer-observation-1.13.6.jar:/home/varun/.m2/repository/io/micrometer/micrometer-commons/1.13.6/micrometer-commons-1.13.6.jar:/home/varun/.m2/repository/io/micrometer/micrometer-jakarta9/1.13.6/micrometer-jakarta9-1.13.6.jar:/home/varun/.m2/repository/io/micrometer/micrometer-core/1.13.6/micrometer-core-1.13.6.jar:/home/varun/.m2/repository/org/hdrhistogram/HdrHistogram/2.2.2/HdrHistogram-2.2.2.jar:/home/varun/.m2/repository/org/latencyutils/LatencyUtils/2.0.3/LatencyUtils-2.0.3.jar:/home/varun/.m2/repository/org/springframework/boot/spring-boot-starter-data-jpa/3.3.5/spring-boot-starter-data-jpa-3.3.5.jar:/home/varun/.m2/repository/org/springframework/boot/spring-boot-starter-aop/3.3.5/spring-boot-starter-aop-3.3.5.jar:/home/varun/.m2/repository/org/springframework/spring-aop/6.1.14/spring-aop-6.1.14.jar:/home/varun/.m2/repository/org/aspectj/aspectjweaver/1.9.22.1/aspectjweaver-1.9.22.1.jar:/home/varun/.m2/repository/org/springframework/boot/spring-boot-starter-jdbc/3.3.5/spring-boot-starter-jdbc-3.3.5.jar:/home/varun/.m2/repository/org/springframework/spring-jdbc/6.1.14/spring-jdbc-6.1.14.jar:/home/varun/.m2/repository/org/hibernate/orm/hibernate-core/6.5.3.Final/hibernate-core-6.5.3.Final.jar:/home/varun/.m2/repository/jakarta/persistence/jakarta.persistence-api/3.1.0/jakarta.persistence-api-3.1.0.jar:/home/varun/.m2/repository/jakarta/transaction/jakarta.transaction-api/2.0.1/jakarta.transaction-api-2.0.1.jar:/home/varun/.m2/repository/org/jboss/logging/jboss-logging/3.5.3.Final/jboss-logging-3.5.3.Final.jar:/home/varun/.m2/repository/org/hibernate/common/hibernate-commons-annotations/6.0.6.Final/hibernate-commons-annotations-6.0.6.Final.jar:/home/varun/.m2/repository/io/smallrye/jandex/3.1.2/jandex-3.1.2.jar:/home/varun/.m2/repository/com/fasterxml/classmate/1.7.0/classmate-1.7.0.jar:/home/varun/.m2/repository/net/bytebuddy/byte-buddy/1.14.19/byte-buddy-1.14.19.jar:/home/varun/.m2/repository/org/glassfish/jaxb/jaxb-runtime/4.0.5/jaxb-runtime-4.0.5.jar:/home/varun/.m2/repository/org/glassfish/jaxb/jaxb-core/4.0.5/jaxb-core-4.0.5.jar:/home/varun/.m2/repository/org/eclipse/angus/angus-activation/2.0.2/angus-activation-2.0.2.jar:/home/varun/.m2/repository/org/glassfish/jaxb/txw2/4.0.5/txw2-4.0.5.jar:/home/varun/.m2/repository/com/sun/istack/istack-commons-runtime/4.1.2/istack-commons-runtime-4.1.2.jar:/home/varun/.m2/repository/jakarta/inject/jakarta.inject-api/2.0.1/jakarta.inject-api-2.0.1.jar:/home/varun/.m2/repository/org/antlr/antlr4-runtime/4.13.0/antlr4-runtime-4.13.0.jar:/home/varun/.m2/repository/org/springframework/data/spring-data-jpa/3.3.5/spring-data-jpa-3.3.5.jar:/home/varun/.m2/repository/org/springframework/data/spring-data-commons/3.3.5/spring-data-commons-3.3.5.jar:/home/varun/.m2/repository/org/springframework/spring-orm/6.1.14/spring-orm-6.1.14.jar:/home/varun/.m2/repository/org/springframework/spring-context/6.1.14/spring-context-6.1.14.jar:/home/varun/.m2/repository/org/springframework/spring-tx/6.1.14/spring-tx-6.1.14.jar:/home/varun/.m2/repository/org/springframework/spring-beans/6.1.14/spring-beans-6.1.14.jar:/home/varun/.m2/repository/org/springframework/spring-aspects/6.1.14/spring-aspects-6.1.14.jar:/home/varun/.m2/repository/org/springframework/boot/spring-boot-starter-web/3.3.5/spring-boot-starter-web-3.3.5.jar:/home/varun/.m2/repository/org/springframework/boot/spring-boot-starter-json/3.3.5/spring-boot-starter-json-3.3.5.jar:/home/varun/.m2/repository/com/fasterxml/jackson/datatype/jackson-datatype-jdk8/2.17.2/jackson-datatype-jdk8-2.17.2.jar:/home/varun/.m2/repository/com/fasterxml/jackson/module/jackson-module-parameter-names/2.17.2/jackson-module-parameter-names-2.17.2.jar:/home/varun/.m2/repository/org/springframework/boot/spring-boot-starter-tomcat/3.3.5/spring-boot-starter-tomcat-3.3.5.jar:/home/varun/.m2/repository/org/apache/tomcat/embed/tomcat-embed-core/10.1.31/tomcat-embed-core-10.1.31.jar:/home/varun/.m2/repository/org/apache/tomcat/embed/tomcat-embed-el/10.1.31/tomcat-embed-el-10.1.31.jar:/home/varun/.m2/repository/org/apache/tomcat/embed/tomcat-embed-websocket/10.1.31/tomcat-embed-websocket-10.1.31.jar:/home/varun/.m2/repository/org/springframework/spring-web/6.1.14/spring-web-6.1.14.jar:/home/varun/.m2/repository/org/springframework/spring-webmvc/6.1.14/spring-webmvc-6.1.14.jar:/home/varun/.m2/repository/org/springframework/spring-expression/6.1.14/spring-expression-6.1.14.jar:/home/varun/.m2/repository/com/h2database/h2/2.2.224/h2-2.2.224.jar:/home/varun/.m2/repository/org/springdoc/springdoc-openapi-starter-webmvc-ui/2.5.0/springdoc-openapi-starter-webmvc-ui-2.5.0.jar:/home/varun/.m2/repository/org/springdoc/springdoc-openapi-starter-webmvc-api/2.5.0/springdoc-openapi-starter-webmvc-api-2.5.0.jar:/home/varun/.m2/repository/org/springdoc/springdoc-openapi-starter-common/2.5.0/springdoc-openapi-starter-common-2.5.0.jar:/home/varun/.m2/repository/io/swagger/core/v3/swagger-core-jakarta/2.2.21/swagger-core-jakarta-2.2.21.jar:/home/varun/.m2/repository/org/apache/commons/commons-lang3/3.14.0/commons-lang3-3.14.0.jar:/home/varun/.m2/repository/io/swagger/core/v3/swagger-annotations-jakarta/2.2.21/swagger-annotations-jakarta-2.2.21.jar:/home/varun/.m2/repository/io/swagger/core/v3/swagger-models-jakarta/2.2.21/swagger-models-jakarta-2.2.21.jar:/home/varun/.m2/repository/jakarta/validation/jakarta.validation-api/3.0.2/jakarta.validation-api-3.0.2.jar:/home/varun/.m2/repository/com/fasterxml/jackson/dataformat/jackson-dataformat-yaml/2.17.2/jackson-dataformat-yaml-2.17.2.jar:/home/varun/.m2/repository/org/webjars/swagger-ui/5.13.0/swagger-ui-5.13.0.jar:/home/varun/.m2/repository/org/springframework/boot/spring-boot-starter-test/3.3.5/spring-boot-starter-test-3.3.5.jar:/home/varun/.m2/repository/org/springframework/boot/spring-boot-test/3.3.5/spring-boot-test-3.3.5.jar:/home/varun/.m2/repository/org/springframework/boot/spring-boot-test-autoconfigure/3.3.5/spring-boot-test-autoconfigure-3.3.5.jar:/home/varun/.m2/repository/com/jayway/jsonpath/json-path/2.9.0/json-path-2.9.0.jar:/home/varun/.m2/repository/jakarta/xml/bind/jakarta.xml.bind-api/4.0.2/jakarta.xml.bind-api-4.0.2.jar:/home/varun/.m2/repository/jakarta/activation/jakarta.activation-api/2.1.3/jakarta.activation-api-2.1.3.jar:/home/varun/.m2/repository/net/minidev/json-smart/2.5.1/json-smart-2.5.1.jar:/home/varun/.m2/repository/net/minidev/accessors-smart/2.5.1/accessors-smart-2.5.1.jar:/home/varun/.m2/repository/org/ow2/asm/asm/9.6/asm-9.6.jar:/home/varun/.m2/repository/org/assertj/assertj-core/3.25.3/assertj-core-3.25.3.jar:/home/varun/.m2/repository/org/awaitility/awaitility/4.2.2/awaitility-4.2.2.jar:/home/varun/.m2/repository/org/hamcrest/hamcrest/2.2/hamcrest-2.2.jar:/home/varun/.m2/repository/org/junit/jupiter/junit-jupiter/5.10.5/junit-jupiter-5.10.5.jar:/home/varun/.m2/repository/org/junit/jupiter/junit-jupiter-api/5.10.5/junit-jupiter-api-5.10.5.jar:/home/varun/.m2/repository/org/opentest4j/opentest4j/1.3.0/opentest4j-1.3.0.jar:/home/varun/.m2/repository/org/junit/platform/junit-platform-commons/1.10.5/junit-platform-commons-1.10.5.jar:/home/varun/.m2/repository/org/apiguardian/apiguardian-api/1.1.2/apiguardian-api-1.1.2.jar:/home/varun/.m2/repository/org/junit/jupiter/junit-jupiter-params/5.10.5/junit-jupiter-params-5.10.5.jar:/home/varun/.m2/repository/org/junit/jupiter/junit-jupiter-engine/5.10.5/junit-jupiter-engine-5.10.5.jar:/home/varun/.m2/repository/org/junit/platform/junit-platform-engine/1.10.5/junit-platform-engine-1.10.5.jar:/home/varun/.m2/repository/org/mockito/mockito-core/5.11.0/mockito-core-5.11.0.jar:/home/varun/.m2/repository/net/bytebuddy/byte-buddy-agent/1.14.19/byte-buddy-agent-1.14.19.jar:/home/varun/.m2/repository/org/objenesis/objenesis/3.3/objenesis-3.3.jar:/home/varun/.m2/repository/org/mockito/mockito-junit-jupiter/5.11.0/mockito-junit-jupiter-5.11.0.jar:/home/varun/.m2/repository/org/skyscreamer/jsonassert/1.5.3/jsonassert-1.5.3.jar:/home/varun/.m2/repository/com/vaadin/external/google/android-json/0.0.20131108.vaadin1/android-json-0.0.20131108.vaadin1.jar:/home/varun/.m2/repository/org/springframework/spring-core/6.1.14/spring-core-6.1.14.jar:/home/varun/.m2/repository/org/springframework/spring-jcl/6.1.14/spring-jcl-6.1.14.jar:/home/varun/.m2/repository/org/springframework/spring-test/6.1.14/spring-test-6.1.14.jar:/home/varun/.m2/repository/org/xmlunit/xmlunit-core/2.9.1/xmlunit-core-2.9.1.jar:/home/varun/.m2/repository/com/google/cloud/sql/postgres-socket-factory/1.11.0/postgres-socket-factory-1.11.0.jar:/home/varun/.m2/repository/com/google/cloud/sql/jdbc-socket-factory-core/1.11.0/jdbc-socket-factory-core-1.11.0.jar:/home/varun/.m2/repository/dev/failsafe/failsafe/3.3.0/failsafe-3.3.0.jar:/home/varun/.m2/repository/com/github/jnr/jnr-unixsocket/0.38.19/jnr-unixsocket-0.38.19.jar:/home/varun/.m2/repository/com/github/jnr/jnr-ffi/2.2.13/jnr-ffi-2.2.13.jar:/home/varun/.m2/repository/com/github/jnr/jffi/1.3.10/jffi-1.3.10.jar:/home/varun/.m2/repository/com/github/jnr/jffi/1.3.10/jffi-1.3.10-native.jar:/home/varun/.m2/repository/org/ow2/asm/asm-commons/9.2/asm-commons-9.2.jar:/home/varun/.m2/repository/com/github/jnr/jnr-a64asm/1.0.0/jnr-a64asm-1.0.0.jar:/home/varun/.m2/repository/com/github/jnr/jnr-x86asm/1.0.2/jnr-x86asm-1.0.2.jar:/home/varun/.m2/repository/com/github/jnr/jnr-constants/0.10.4/jnr-constants-0.10.4.jar:/home/varun/.m2/repository/com/github/jnr/jnr-enxio/0.32.14/jnr-enxio-0.32.14.jar:/home/varun/.m2/repository/com/github/jnr/jnr-posix/3.1.16/jnr-posix-3.1.16.jar:/home/varun/.m2/repository/org/ow2/asm/asm-util/9.4/asm-util-9.4.jar:/home/varun/.m2/repository/org/ow2/asm/asm-tree/9.4/asm-tree-9.4.jar:/home/varun/.m2/repository/org/ow2/asm/asm-analysis/9.4/asm-analysis-9.4.jar:/home/varun/.m2/repository/com/google/http-client/google-http-client/1.42.3/google-http-client-1.42.3.jar:/home/varun/.m2/repository/org/apache/httpcomponents/httpclient/4.5.13/httpclient-4.5.13.jar:/home/varun/.m2/repository/commons-logging/commons-logging/1.2/commons-logging-1.2.jar:/home/varun/.m2/repository/org/apache/httpcomponents/httpcore/4.4.16/httpcore-4.4.16.jar:/home/varun/.m2/repository/io/opencensus/opencensus-api/0.31.1/opencensus-api-0.31.1.jar:/home/varun/.m2/repository/io/grpc/grpc-context/1.27.2/grpc-context-1.27.2.jar:/home/varun/.m2/repository/io/opencensus/opencensus-contrib-http-util/0.31.1/opencensus-contrib-http-util-0.31.1.jar:/home/varun/.m2/repository/com/google/errorprone/error_prone_annotations/2.16/error_prone_annotations-2.16.jar:/home/varun/.m2/repository/com/google/http-client/google-http-client-gson/1.43.0/google-http-client-gson-1.43.0.jar:/home/varun/.m2/repository/com/google/code/gson/gson/2.10.1/gson-2.10.1.jar:/home/varun/.m2/repository/com/google/api-client/google-api-client/2.1.1/google-api-client-2.1.1.jar:/home/varun/.m2/repository/commons-codec/commons-codec/1.16.1/commons-codec-1.16.1.jar:/home/varun/.m2/repository/com/google/http-client/google-http-client-apache-v2/1.42.3/google-http-client-apache-v2-1.42.3.jar:/home/varun/.m2/repository/org/checkerframework/checker-compat-qual/2.5.5/checker-compat-qual-2.5.5.jar:/home/varun/.m2/repository/com/google/apis/google-api-services-sqladmin/v1beta4-rev20230111-2.0.0/google-api-services-sqladmin-v1beta4-rev20230111-2.0.0.jar:/home/varun/.m2/repository/com/google/auth/google-auth-library-oauth2-http/1.13.0/google-auth-library-oauth2-http-1.13.0.jar:/home/varun/.m2/repository/com/google/auto/value/auto-value-annotations/1.10/auto-value-annotations-1.10.jar:/home/varun/.m2/repository/com/google/auth/google-auth-library-credentials/1.13.0/google-auth-library-credentials-1.13.0.jar:/home/varun/.m2/repository/com/google/oauth-client/google-oauth-client/1.34.1/google-oauth-client-1.34.1.jar:/home/varun/.m2/repository/com/google/api/gax/2.23.1/gax-2.23.1.jar:/home/varun/.m2/repository/com/google/guava/guava/31.1-android/guava-31.1-android.jar:/home/varun/.m2/repository/com/google/guava/failureaccess/1.0.1/failureaccess-1.0.1.jar:/home/varun/.m2/repository/com/google/guava/listenablefuture/9999.0-empty-to-avoid-conflict-with-guava/listenablefuture-9999.0-empty-to-avoid-conflict-with-guava.jar:/home/varun/.m2/repository/com/google/code/findbugs/jsr305/3.0.2/jsr305-3.0.2.jar:/home/varun/.m2/repository/com/google/j2objc/j2objc-annotations/1.3/j2objc-annotations-1.3.jar:/home/varun/.m2/repository/org/postgresql/postgresql/42.7.4/postgresql-42.7.4.jar:/home/varun/.m2/repository/org/checkerframework/checker-qual/3.42.0/checker-qual-3.42.0.jar:/home/varun/.m2/repository/com/zaxxer/HikariCP/5.0.1/HikariCP-5.0.1.jar:/home/varun/.m2/repository/org/slf4j/slf4j-api/2.0.16/slf4j-api-2.0.16.jar:"/>
    <property name="java.vm.vendor" value="JetBrains s.r.o."/>
    <property name="sun.arch.data.model" value="64"/>
    <property name="java.vendor.url" value="https://openjdk.java.net/"/>
    <property name="user.timezone" value="Asia/Kolkata"/>
    <property name="org.jboss.logging.provider" value="slf4j"/>
    <property name="os.name" value="Linux"/>
    <property name="java.vm.specification.version" value="17"/>
    <property name="sun.java.launcher" value="SUN_STANDARD"/>
    <property name="user.country" value="IN"/>
    <property name="sun.boot.library.path" value="/home/varun/.jdks/jbr-17.0.12/lib"/>
    <property name="sun.java.command" value="/home/varun/workspace/test-apis/target/surefire/surefirebooter-20241102133401701_3.jar /home/varun/workspace/test-apis/target/surefire 2024-11-02T13-34-00_384-jvmRun1 surefire-20241102133401701_1tmp surefire_0-20241102133401701_2tmp"/>
    <property name="jdk.debug" value="release"/>
    <property name="surefire.test.class.path" value="/home/varun/workspace/test-apis/target/test-classes:/home/varun/workspace/test-apis/target/classes:/home/varun/.m2/repository/org/springframework/boot/spring-boot-starter-actuator/3.3.5/spring-boot-starter-actuator-3.3.5.jar:/home/varun/.m2/repository/org/springframework/boot/spring-boot-starter/3.3.5/spring-boot-starter-3.3.5.jar:/home/varun/.m2/repository/org/springframework/boot/spring-boot/3.3.5/spring-boot-3.3.5.jar:/home/varun/.m2/repository/org/springframework/boot/spring-boot-autoconfigure/3.3.5/spring-boot-autoconfigure-3.3.5.jar:/home/varun/.m2/repository/org/springframework/boot/spring-boot-starter-logging/3.3.5/spring-boot-starter-logging-3.3.5.jar:/home/varun/.m2/repository/ch/qos/logback/logback-classic/1.5.11/logback-classic-1.5.11.jar:/home/varun/.m2/repository/ch/qos/logback/logback-core/1.5.11/logback-core-1.5.11.jar:/home/varun/.m2/repository/org/apache/logging/log4j/log4j-to-slf4j/2.23.1/log4j-to-slf4j-2.23.1.jar:/home/varun/.m2/repository/org/apache/logging/log4j/log4j-api/2.23.1/log4j-api-2.23.1.jar:/home/varun/.m2/repository/org/slf4j/jul-to-slf4j/2.0.16/jul-to-slf4j-2.0.16.jar:/home/varun/.m2/repository/jakarta/annotation/jakarta.annotation-api/2.1.1/jakarta.annotation-api-2.1.1.jar:/home/varun/.m2/repository/org/yaml/snakeyaml/2.2/snakeyaml-2.2.jar:/home/varun/.m2/repository/org/springframework/boot/spring-boot-actuator-autoconfigure/3.3.5/spring-boot-actuator-autoconfigure-3.3.5.jar:/home/varun/.m2/repository/org/springframework/boot/spring-boot-actuator/3.3.5/spring-boot-actuator-3.3.5.jar:/home/varun/.m2/repository/com/fasterxml/jackson/core/jackson-databind/2.17.2/jackson-databind-2.17.2.jar:/home/varun/.m2/repository/com/fasterxml/jackson/core/jackson-annotations/2.17.2/jackson-annotations-2.17.2.jar:/home/varun/.m2/repository/com/fasterxml/jackson/core/jackson-core/2.17.2/jackson-core-2.17.2.jar:/home/varun/.m2/repository/com/fasterxml/jackson/datatype/jackson-datatype-jsr310/2.17.2/jackson-datatype-jsr310-2.17.2.jar:/home/varun/.m2/repository/io/micrometer/micrometer-observation/1.13.6/micrometer-observation-1.13.6.jar:/home/varun/.m2/repository/io/micrometer/micrometer-commons/1.13.6/micrometer-commons-1.13.6.jar:/home/varun/.m2/repository/io/micrometer/micrometer-jakarta9/1.13.6/micrometer-jakarta9-1.13.6.jar:/home/varun/.m2/repository/io/micrometer/micrometer-core/1.13.6/micrometer-core-1.13.6.jar:/home/varun/.m2/repository/org/hdrhistogram/HdrHistogram/2.2.2/HdrHistogram-2.2.2.jar:/home/varun/.m2/repository/org/latencyutils/LatencyUtils/2.0.3/LatencyUtils-2.0.3.jar:/home/varun/.m2/repository/org/springframework/boot/spring-boot-starter-data-jpa/3.3.5/spring-boot-starter-data-jpa-3.3.5.jar:/home/varun/.m2/repository/org/springframework/boot/spring-boot-starter-aop/3.3.5/spring-boot-starter-aop-3.3.5.jar:/home/varun/.m2/repository/org/springframework/spring-aop/6.1.14/spring-aop-6.1.14.jar:/home/varun/.m2/repository/org/aspectj/aspectjweaver/1.9.22.1/aspectjweaver-1.9.22.1.jar:/home/varun/.m2/repository/org/springframework/boot/spring-boot-starter-jdbc/3.3.5/spring-boot-starter-jdbc-3.3.5.jar:/home/varun/.m2/repository/org/springframework/spring-jdbc/6.1.14/spring-jdbc-6.1.14.jar:/home/varun/.m2/repository/org/hibernate/orm/hibernate-core/6.5.3.Final/hibernate-core-6.5.3.Final.jar:/home/varun/.m2/repository/jakarta/persistence/jakarta.persistence-api/3.1.0/jakarta.persistence-api-3.1.0.jar:/home/varun/.m2/repository/jakarta/transaction/jakarta.transaction-api/2.0.1/jakarta.transaction-api-2.0.1.jar:/home/varun/.m2/repository/org/jboss/logging/jboss-logging/3.5.3.Final/jboss-logging-3.5.3.Final.jar:/home/varun/.m2/repository/org/hibernate/common/hibernate-commons-annotations/6.0.6.Final/hibernate-commons-annotations-6.0.6.Final.jar:/home/varun/.m2/repository/io/smallrye/jandex/3.1.2/jandex-3.1.2.jar:/home/varun/.m2/repository/com/fasterxml/classmate/1.7.0/classmate-1.7.0.jar:/home/varun/.m2/repository/net/bytebuddy/byte-buddy/1.14.19/byte-buddy-1.14.19.jar:/home/varun/.m2/repository/org/glassfish/jaxb/jaxb-runtime/4.0.5/jaxb-runtime-4.0.5.jar:/home/varun/.m2/repository/org/glassfish/jaxb/jaxb-core/4.0.5/jaxb-core-4.0.5.jar:/home/varun/.m2/repository/org/eclipse/angus/angus-activation/2.0.2/angus-activation-2.0.2.jar:/home/varun/.m2/repository/org/glassfish/jaxb/txw2/4.0.5/txw2-4.0.5.jar:/home/varun/.m2/repository/com/sun/istack/istack-commons-runtime/4.1.2/istack-commons-runtime-4.1.2.jar:/home/varun/.m2/repository/jakarta/inject/jakarta.inject-api/2.0.1/jakarta.inject-api-2.0.1.jar:/home/varun/.m2/repository/org/antlr/antlr4-runtime/4.13.0/antlr4-runtime-4.13.0.jar:/home/varun/.m2/repository/org/springframework/data/spring-data-jpa/3.3.5/spring-data-jpa-3.3.5.jar:/home/varun/.m2/repository/org/springframework/data/spring-data-commons/3.3.5/spring-data-commons-3.3.5.jar:/home/varun/.m2/repository/org/springframework/spring-orm/6.1.14/spring-orm-6.1.14.jar:/home/varun/.m2/repository/org/springframework/spring-context/6.1.14/spring-context-6.1.14.jar:/home/varun/.m2/repository/org/springframework/spring-tx/6.1.14/spring-tx-6.1.14.jar:/home/varun/.m2/repository/org/springframework/spring-beans/6.1.14/spring-beans-6.1.14.jar:/home/varun/.m2/repository/org/springframework/spring-aspects/6.1.14/spring-aspects-6.1.14.jar:/home/varun/.m2/repository/org/springframework/boot/spring-boot-starter-web/3.3.5/spring-boot-starter-web-3.3.5.jar:/home/varun/.m2/repository/org/springframework/boot/spring-boot-starter-json/3.3.5/spring-boot-starter-json-3.3.5.jar:/home/varun/.m2/repository/com/fasterxml/jackson/datatype/jackson-datatype-jdk8/2.17.2/jackson-datatype-jdk8-2.17.2.jar:/home/varun/.m2/repository/com/fasterxml/jackson/module/jackson-module-parameter-names/2.17.2/jackson-module-parameter-names-2.17.2.jar:/home/varun/.m2/repository/org/springframework/boot/spring-boot-starter-tomcat/3.3.5/spring-boot-starter-tomcat-3.3.5.jar:/home/varun/.m2/repository/org/apache/tomcat/embed/tomcat-embed-core/10.1.31/tomcat-embed-core-10.1.31.jar:/home/varun/.m2/repository/org/apache/tomcat/embed/tomcat-embed-el/10.1.31/tomcat-embed-el-10.1.31.jar:/home/varun/.m2/repository/org/apache/tomcat/embed/tomcat-embed-websocket/10.1.31/tomcat-embed-websocket-10.1.31.jar:/home/varun/.m2/repository/org/springframework/spring-web/6.1.14/spring-web-6.1.14.jar:/home/varun/.m2/repository/org/springframework/spring-webmvc/6.1.14/spring-webmvc-6.1.14.jar:/home/varun/.m2/repository/org/springframework/spring-expression/6.1.14/spring-expression-6.1.14.jar:/home/varun/.m2/repository/com/h2database/h2/2.2.224/h2-2.2.224.jar:/home/varun/.m2/repository/org/springdoc/springdoc-openapi-starter-webmvc-ui/2.5.0/springdoc-openapi-starter-webmvc-ui-2.5.0.jar:/home/varun/.m2/repository/org/springdoc/springdoc-openapi-starter-webmvc-api/2.5.0/springdoc-openapi-starter-webmvc-api-2.5.0.jar:/home/varun/.m2/repository/org/springdoc/springdoc-openapi-starter-common/2.5.0/springdoc-openapi-starter-common-2.5.0.jar:/home/varun/.m2/repository/io/swagger/core/v3/swagger-core-jakarta/2.2.21/swagger-core-jakarta-2.2.21.jar:/home/varun/.m2/repository/org/apache/commons/commons-lang3/3.14.0/commons-lang3-3.14.0.jar:/home/varun/.m2/repository/io/swagger/core/v3/swagger-annotations-jakarta/2.2.21/swagger-annotations-jakarta-2.2.21.jar:/home/varun/.m2/repository/io/swagger/core/v3/swagger-models-jakarta/2.2.21/swagger-models-jakarta-2.2.21.jar:/home/varun/.m2/repository/jakarta/validation/jakarta.validation-api/3.0.2/jakarta.validation-api-3.0.2.jar:/home/varun/.m2/repository/com/fasterxml/jackson/dataformat/jackson-dataformat-yaml/2.17.2/jackson-dataformat-yaml-2.17.2.jar:/home/varun/.m2/repository/org/webjars/swagger-ui/5.13.0/swagger-ui-5.13.0.jar:/home/varun/.m2/repository/org/springframework/boot/spring-boot-starter-test/3.3.5/spring-boot-starter-test-3.3.5.jar:/home/varun/.m2/repository/org/springframework/boot/spring-boot-test/3.3.5/spring-boot-test-3.3.5.jar:/home/varun/.m2/repository/org/springframework/boot/spring-boot-test-autoconfigure/3.3.5/spring-boot-test-autoconfigure-3.3.5.jar:/home/varun/.m2/repository/com/jayway/jsonpath/json-path/2.9.0/json-path-2.9.0.jar:/home/varun/.m2/repository/jakarta/xml/bind/jakarta.xml.bind-api/4.0.2/jakarta.xml.bind-api-4.0.2.jar:/home/varun/.m2/repository/jakarta/activation/jakarta.activation-api/2.1.3/jakarta.activation-api-2.1.3.jar:/home/varun/.m2/repository/net/minidev/json-smart/2.5.1/json-smart-2.5.1.jar:/home/varun/.m2/repository/net/minidev/accessors-smart/2.5.1/accessors-smart-2.5.1.jar:/home/varun/.m2/repository/org/ow2/asm/asm/9.6/asm-9.6.jar:/home/varun/.m2/repository/org/assertj/assertj-core/3.25.3/assertj-core-3.25.3.jar:/home/varun/.m2/repository/org/awaitility/awaitility/4.2.2/awaitility-4.2.2.jar:/home/varun/.m2/repository/org/hamcrest/hamcrest/2.2/hamcrest-2.2.jar:/home/varun/.m2/repository/org/junit/jupiter/junit-jupiter/5.10.5/junit-jupiter-5.10.5.jar:/home/varun/.m2/repository/org/junit/jupiter/junit-jupiter-api/5.10.5/junit-jupiter-api-5.10.5.jar:/home/varun/.m2/repository/org/opentest4j/opentest4j/1.3.0/opentest4j-1.3.0.jar:/home/varun/.m2/repository/org/junit/platform/junit-platform-commons/1.10.5/junit-platform-commons-1.10.5.jar:/home/varun/.m2/repository/org/apiguardian/apiguardian-api/1.1.2/apiguardian-api-1.1.2.jar:/home/varun/.m2/repository/org/junit/jupiter/junit-jupiter-params/5.10.5/junit-jupiter-params-5.10.5.jar:/home/varun/.m2/repository/org/junit/jupiter/junit-jupiter-engine/5.10.5/junit-jupiter-engine-5.10.5.jar:/home/varun/.m2/repository/org/junit/platform/junit-platform-engine/1.10.5/junit-platform-engine-1.10.5.jar:/home/varun/.m2/repository/org/mockito/mockito-core/5.11.0/mockito-core-5.11.0.jar:/home/varun/.m2/repository/net/bytebuddy/byte-buddy-agent/1.14.19/byte-buddy-agent-1.14.19.jar:/home/varun/.m2/repository/org/objenesis/objenesis/3.3/objenesis-3.3.jar:/home/varun/.m2/repository/org/mockito/mockito-junit-jupiter/5.11.0/mockito-junit-jupiter-5.11.0.jar:/home/varun/.m2/repository/org/skyscreamer/jsonassert/1.5.3/jsonassert-1.5.3.jar:/home/varun/.m2/repository/com/vaadin/external/google/android-json/0.0.20131108.vaadin1/android-json-0.0.20131108.vaadin1.jar:/home/varun/.m2/repository/org/springframework/spring-core/6.1.14/spring-core-6.1.14.jar:/home/varun/.m2/repository/org/springframework/spring-jcl/6.1.14/spring-jcl-6.1.14.jar:/home/varun/.m2/repository/org/springframework/spring-test/6.1.14/spring-test-6.1.14.jar:/home/varun/.m2/repository/org/xmlunit/xmlunit-core/2.9.1/xmlunit-core-2.9.1.jar:/home/varun/.m2/repository/com/google/cloud/sql/postgres-socket-factory/1.11.0/postgres-socket-factory-1.11.0.jar:/home/varun/.m2/repository/com/google/cloud/sql/jdbc-socket-factory-core/1.11.0/jdbc-socket-factory-core-1.11.0.jar:/home/varun/.m2/repository/dev/failsafe/failsafe/3.3.0/failsafe-3.3.0.jar:/home/varun/.m2/repository/com/github/jnr/jnr-unixsocket/0.38.19/jnr-unixsocket-0.38.19.jar:/home/varun/.m2/repository/com/github/jnr/jnr-ffi/2.2.13/jnr-ffi-2.2.13.jar:/home/varun/.m2/repository/com/github/jnr/jffi/1.3.10/jffi-1.3.10.jar:/home/varun/.m2/repository/com/github/jnr/jffi/1.3.10/jffi-1.3.10-native.jar:/home/varun/.m2/repository/org/ow2/asm/asm-commons/9.2/asm-commons-9.2.jar:/home/varun/.m2/repository/com/github/jnr/jnr-a64asm/1.0.0/jnr-a64asm-1.0.0.jar:/home/varun/.m2/repository/com/github/jnr/jnr-x86asm/1.0.2/jnr-x86asm-1.0.2.jar:/home/varun/.m2/repository/com/github/jnr/jnr-constants/0.10.4/jnr-constants-0.10.4.jar:/home/varun/.m2/repository/com/github/jnr/jnr-enxio/0.32.14/jnr-enxio-0.32.14.jar:/home/varun/.m2/repository/com/github/jnr/jnr-posix/3.1.16/jnr-posix-3.1.16.jar:/home/varun/.m2/repository/org/ow2/asm/asm-util/9.4/asm-util-9.4.jar:/home/varun/.m2/repository/org/ow2/asm/asm-tree/9.4/asm-tree-9.4.jar:/home/varun/.m2/repository/org/ow2/asm/asm-analysis/9.4/asm-analysis-9.4.jar:/home/varun/.m2/repository/com/google/http-client/google-http-client/1.42.3/google-http-client-1.42.3.jar:/home/varun/.m2/repository/org/apache/httpcomponents/httpclient/4.5.13/httpclient-4.5.13.jar:/home/varun/.m2/repository/commons-logging/commons-logging/1.2/commons-logging-1.2.jar:/home/varun/.m2/repository/org/apache/httpcomponents/httpcore/4.4.16/httpcore-4.4.16.jar:/home/varun/.m2/repository/io/opencensus/opencensus-api/0.31.1/opencensus-api-0.31.1.jar:/home/varun/.m2/repository/io/grpc/grpc-context/1.27.2/grpc-context-1.27.2.jar:/home/varun/.m2/repository/io/opencensus/opencensus-contrib-http-util/0.31.1/opencensus-contrib-http-util-0.31.1.jar:/home/varun/.m2/repository/com/google/errorprone/error_prone_annotations/2.16/error_prone_annotations-2.16.jar:/home/varun/.m2/repository/com/google/http-client/google-http-client-gson/1.43.0/google-http-client-gson-1.43.0.jar:/home/varun/.m2/repository/com/google/code/gson/gson/2.10.1/gson-2.10.1.jar:/home/varun/.m2/repository/com/google/api-client/google-api-client/2.1.1/google-api-client-2.1.1.jar:/home/varun/.m2/repository/commons-codec/commons-codec/1.16.1/commons-codec-1.16.1.jar:/home/varun/.m2/repository/com/google/http-client/google-http-client-apache-v2/1.42.3/google-http-client-apache-v2-1.42.3.jar:/home/varun/.m2/repository/org/checkerframework/checker-compat-qual/2.5.5/checker-compat-qual-2.5.5.jar:/home/varun/.m2/repository/com/google/apis/google-api-services-sqladmin/v1beta4-rev20230111-2.0.0/google-api-services-sqladmin-v1beta4-rev20230111-2.0.0.jar:/home/varun/.m2/repository/com/google/auth/google-auth-library-oauth2-http/1.13.0/google-auth-library-oauth2-http-1.13.0.jar:/home/varun/.m2/repository/com/google/auto/value/auto-value-annotations/1.10/auto-value-annotations-1.10.jar:/home/varun/.m2/repository/com/google/auth/google-auth-library-credentials/1.13.0/google-auth-library-credentials-1.13.0.jar:/home/varun/.m2/repository/com/google/oauth-client/google-oauth-client/1.34.1/google-oauth-client-1.34.1.jar:/home/varun/.m2/repository/com/google/api/gax/2.23.1/gax-2.23.1.jar:/home/varun/.m2/repository/com/google/guava/guava/31.1-android/guava-31.1-android.jar:/home/varun/.m2/repository/com/google/guava/failureaccess/1.0.1/failureaccess-1.0.1.jar:/home/varun/.m2/repository/com/google/guava/listenablefuture/9999.0-empty-to-avoid-conflict-with-guava/listenablefuture-9999.0-empty-to-avoid-conflict-with-guava.jar:/home/varun/.m2/repository/com/google/code/findbugs/jsr305/3.0.2/jsr305-3.0.2.jar:/home/varun/.m2/repository/com/google/j2objc/j2objc-annotations/1.3/j2objc-annotations-1.3.jar:/home/varun/.m2/repository/org/postgresql/postgresql/42.7.4/postgresql-42.7.4.jar:/home/varun/.m2/repository/org/checkerframework/checker-qual/3.42.0/checker-qual-3.42.0.jar:/home/varun/.m2/repository/com/zaxxer/HikariCP/5.0.1/HikariCP-5.0.1.jar:/home/varun/.m2/repository/org/slf4j/slf4j-api/2.0.16/slf4j-api-2.0.16.jar:"/>
    <property name="sun.cpu.endian" value="little"/>
    <property name="user.home" value="/home/varun"/>
    <property name="user.language" value="en"/>
    <property name="java.specification.vendor" value="Oracle Corporation"/>
    <property name="java.version.date" value="2024-07-16"/>
    <property name="java.home" value="/home/varun/.jdks/jbr-17.0.12"/>
    <property name="file.separator" value="/"/>
    <property name="basedir" value="/home/varun/workspace/test-apis"/>
    <property name="java.vm.compressedOopsMode" value="Zero based"/>
    <property name="line.separator" value="&#10;"/>
    <property name="java.vm.specification.vendor" value="Oracle Corporation"/>
    <property name="java.specification.name" value="Java Platform API Specification"/>
    <property name="intellij.os.virtualization" value="none"/>
    <property name="FILE_LOG_CHARSET" value="UTF-8"/>
    <property name="java.awt.headless" value="true"/>
    <property name="jbr.virtualization.information" value="No virtualization detected"/>
    <property name="surefire.real.class.path" value="/home/varun/workspace/test-apis/target/surefire/surefirebooter-20241102133401701_3.jar"/>
    <property name="sun.management.compiler" value="HotSpot 64-Bit Tiered Compilers"/>
    <property name="java.runtime.version" value="17.0.12+1-b1207.37"/>
    <property name="user.name" value="varun"/>
    <property name="path.separator" value=":"/>
    <property name="os.version" value="6.8.0-48-generic"/>
    <property name="java.runtime.name" value="OpenJDK Runtime Environment"/>
    <property name="file.encoding" value="UTF-8"/>
    <property name="java.vm.name" value="OpenJDK 64-Bit Server VM"/>
    <property name="java.vendor.version" value="JBR-17.0.12+1-1207.37-nomod"/>
    <property name="localRepository" value="/home/varun/.m2/repository"/>
    <property name="java.vendor.url.bug" value="https://bugreport.java.com/bugreport/"/>
    <property name="java.io.tmpdir" value="/tmp"/>
    <property name="idea.version" value="2024.2.4"/>
    <property name="com.zaxxer.hikari.pool_number" value="1"/>
    <property name="java.version" value="17.0.12"/>
    <property name="user.dir" value="/home/varun/workspace/test-apis"/>
    <property name="os.arch" value="amd64"/>
    <property name="java.vm.specification.name" value="Java Virtual Machine Specification"/>
    <property name="PID" value="22804"/>
    <property name="CONSOLE_LOG_CHARSET" value="UTF-8"/>
    <property name="native.encoding" value="UTF-8"/>
    <property name="java.library.path" value="/usr/java/packages/lib:/usr/lib64:/lib64:/lib:/usr/lib"/>
    <property name="java.vm.info" value="mixed mode, sharing"/>
    <property name="java.vendor" value="JetBrains s.r.o."/>
    <property name="java.vm.version" value="17.0.12+1-b1207.37"/>
    <property name="sun.io.unicode.encoding" value="UnicodeLittle"/>
    <property name="java.class.version" value="61.0"/>
    <property name="LOGGED_APPLICATION_NAME" value="[test-apis] "/>
  </properties>
  <testcase name="contextLoads" classname="com.nivieus.test_apis.TestApisApplicationTests" time="0.458">
    <system-out><![CDATA[13:34:02.491 [main] INFO org.springframework.test.context.support.AnnotationConfigContextLoaderUtils -- Could not detect default configuration classes for test class [com.nivieus.test_apis.TestApisApplicationTests]: TestApisApplicationTests does not declare any static, non-private, non-final, nested classes annotated with @Configuration.
13:34:02.627 [main] INFO org.springframework.boot.test.context.SpringBootTestContextBootstrapper -- Found @SpringBootConfiguration com.nivieus.test_apis.TestApisApplication for test class com.nivieus.test_apis.TestApisApplicationTests

  .   ____          _            __ _ _
 /\\ / ___'_ __ _ _(_)_ __  __ _ \ \ \ \
( ( )\___ | '_ | '_| | '_ \/ _` | \ \ \ \
 \\/  ___)| |_)| | | | | || (_| |  ) ) ) )
  '  |____| .__|_| |_|_| |_\__, | / / / /
 =========|_|==============|___/=/_/_/_/

 :: Spring Boot ::                (v3.3.5)

2024-11-02T13:34:03.040+05:30  INFO 22804 --- [test-apis] [           main] c.n.test_apis.TestApisApplicationTests   : Starting TestApisApplicationTests using Java 17.0.12 with PID 22804 (started by varun in /home/varun/workspace/test-apis)
2024-11-02T13:34:03.042+05:30  INFO 22804 --- [test-apis] [           main] c.n.test_apis.TestApisApplicationTests   : No active profile set, falling back to 1 default profile: "default"
2024-11-02T13:34:04.162+05:30  INFO 22804 --- [test-apis] [           main] .s.d.r.c.RepositoryConfigurationDelegate : Bootstrapping Spring Data JPA repositories in DEFAULT mode.
2024-11-02T13:34:04.225+05:30  INFO 22804 --- [test-apis] [           main] .s.d.r.c.RepositoryConfigurationDelegate : Finished Spring Data repository scanning in 52 ms. Found 1 JPA repository interface.
2024-11-02T13:34:04.765+05:30  INFO 22804 --- [test-apis] [           main] com.zaxxer.hikari.HikariDataSource       : HikariPool-1 - Starting...
2024-11-02T13:34:04.943+05:30  INFO 22804 --- [test-apis] [           main] com.zaxxer.hikari.pool.HikariPool        : HikariPool-1 - Added connection conn0: url=jdbc:h2:mem:testdb user=SA
2024-11-02T13:34:04.945+05:30  INFO 22804 --- [test-apis] [           main] com.zaxxer.hikari.HikariDataSource       : HikariPool-1 - Start completed.
2024-11-02T13:34:04.988+05:30  INFO 22804 --- [test-apis] [           main] o.hibernate.jpa.internal.util.LogHelper  : HHH000204: Processing PersistenceUnitInfo [name: default]
2024-11-02T13:34:05.043+05:30  INFO 22804 --- [test-apis] [           main] org.hibernate.Version                    : HHH000412: Hibernate ORM core version 6.5.3.Final
2024-11-02T13:34:05.078+05:30  INFO 22804 --- [test-apis] [           main] o.h.c.internal.RegionFactoryInitiator    : HHH000026: Second-level cache disabled
2024-11-02T13:34:05.377+05:30  INFO 22804 --- [test-apis] [           main] o.s.o.j.p.SpringPersistenceUnitInfo      : No LoadTimeWeaver setup: ignoring JPA class transformer
2024-11-02T13:34:05.447+05:30  WARN 22804 --- [test-apis] [           main] org.hibernate.orm.deprecation            : HHH90000025: H2Dialect does not need to be specified explicitly using 'hibernate.dialect' (remove the property setting and it will be selected by default)
2024-11-02T13:34:06.106+05:30  INFO 22804 --- [test-apis] [           main] o.h.e.t.j.p.i.JtaPlatformInitiator       : HHH000489: No JTA platform available (set 'hibernate.transaction.jta.platform' to enable JTA platform integration)
2024-11-02T13:34:06.150+05:30  INFO 22804 --- [test-apis] [           main] j.LocalContainerEntityManagerFactoryBean : Initialized JPA EntityManagerFactory for persistence unit 'default'
2024-11-02T13:34:06.668+05:30  WARN 22804 --- [test-apis] [           main] JpaBaseConfiguration$JpaWebConfiguration : spring.jpa.open-in-view is enabled by default. Therefore, database queries may be performed during view rendering. Explicitly configure spring.jpa.open-in-view to disable this warning
2024-11-02T13:34:07.432+05:30  INFO 22804 --- [test-apis] [           main] o.s.b.a.h2.H2ConsoleAutoConfiguration    : H2 console available at '/h2-console'. Database available at 'jdbc:h2:mem:testdb'
2024-11-02T13:34:07.491+05:30  INFO 22804 --- [test-apis] [           main] o.s.b.a.e.web.EndpointLinksResolver      : Exposing 1 endpoint beneath base path '/actuator'
2024-11-02T13:34:07.559+05:30  INFO 22804 --- [test-apis] [           main] c.n.test_apis.TestApisApplicationTests   : Started TestApisApplicationTests in 4.785 seconds (process running for 5.794)
]]></system-out>
  </testcase>
</testsuite>